  StdAfx.cpp
  AccountConnector.cpp
  AffectFlagContainer.cpp
  CameraProcedure.cpp
  CheckLatestFiles.cpp
  GameType.cpp
  GuildMarkDownloader.cpp
  GuildMarkUploader.cpp
  HackShield.cpp
  InstanceBase.cpp
  InstanceBaseBattle.cpp
  InstanceBaseEffect.cpp
  InstanceBaseEvent.cpp
  InstanceBaseMotion.cpp
  InstanceBaseMovement.cpp
  InstanceBaseTransform.cpp
  InsultChecker.cpp
  Locale.cpp
  MarkImage.cpp
  MarkManager.cpp
D:\_m2work\txoko-m2-work\txoko-client-src\source\UserInterface\MarkManager.cpp(101,78): warning C4834: discarding return value of function with [[nodiscard]] attribute
  (compiling source file '/source/UserInterface/MarkManager.cpp')
  
  MovieMan.cpp
  Compiling...
  NProtectGameGuard.cpp
  NetworkActorManager.cpp
  ProcessCRC.cpp
  ProcessScanner.cpp
  PythonApplication.cpp
  PythonApplicationCamera.cpp
  PythonApplicationCursor.cpp
  PythonApplicationEvent.cpp
  PythonApplicationLogo.cpp
  PythonApplicationModule.cpp
  PythonApplicationProcedure.cpp
  PythonApplicationWebPage.cpp
  PythonBackground.cpp
  PythonBackgroundModule.cpp
  PythonCharacterManager.cpp
  PythonCharacterManagerModule.cpp
  PythonCharacterModule.cpp
  PythonChat.cpp
  PythonChatModule.cpp
  PythonEffectModule.cpp
  Compiling...
  PythonEventManager.cpp
  PythonEventManagerMoudle.cpp
  PythonExceptionSender.cpp
  PythonExchange.cpp
  PythonExchangeModule.cpp
  PythonFlyModule.cpp
  PythonGameEventManagerModule.cpp
  PythonGuild.cpp
  PythonIME.cpp
  PythonIMEModule.cpp
  PythonItem.cpp
  PythonItemModule.cpp
  PythonMessenger.cpp
  PythonMiniMap.cpp
  PythonMiniMapModule.cpp
  PythonNetworkDatagram.cpp
  PythonNetworkDatagramModule.cpp
  PythonNetworkStream.cpp
  PythonNetworkStreamCommand.cpp
  PythonNetworkStreamEvent.cpp
  Compiling...
  PythonNetworkStreamModule.cpp
  PythonNetworkStreamPhaseGame.cpp
  PythonNetworkStreamPhaseGameActor.cpp
  PythonNetworkStreamPhaseGameItem.cpp
  PythonNetworkStreamPhaseHandShake.cpp
  PythonNetworkStreamPhaseLoading.cpp
  PythonNetworkStreamPhaseLogin.cpp
  PythonNetworkStreamPhaseOffline.cpp
  PythonNetworkStreamPhaseSelect.cpp
  PythonNonPlayer.cpp
  PythonNonPlayerModule.cpp
  PythonPackModule.cpp
  PythonPlayer.cpp
  PythonPlayerEventHandler.cpp
  PythonPlayerInput.cpp
  PythonPlayerInputKeyboard.cpp
  PythonPlayerInputMouse.cpp
  PythonPlayerModule.cpp
  PythonPlayerSkill.cpp
  PythonProfilerModule.cpp
  Compiling...
  PythonQuest.cpp
  PythonSafeBox.cpp
  PythonShop.cpp
  PythonSkill.cpp
  PythonSoundManagerModule.cpp
  PythonSystem.cpp
  PythonSystemModule.cpp
  PythonTextTail.cpp
  PythonTextTailModule.cpp
  ServerStateChecker.cpp
  ServerStateCheckerModule.cpp
  UserInterface.cpp
  WiseLogicXTrap.cpp
  Generating code
  Finished generating code
  UserInterface.vcxproj -> D:\_m2work\txoko-m2-work\txoko-client-src\binary\Metin2Distribute.exe
