  StdAfx.cpp
  cipher.cpp
  CPostIt.cpp
  CRC32.cpp
  Debug.cpp
  error.cpp
  FileBase.cpp
  FileDir.cpp
D:\_m2work\txoko-m2-work\txoko-client-src\source\EterBase\error.cpp(59,23): warning C4477: 'fprintf' : format string '%08x' requires an argument of type 'unsigned int', but variadic argument 1 has type 'time_t'
  (compiling source file '/source/EterBase/error.cpp')
      D:\_m2work\txoko-m2-work\txoko-client-src\source\EterBase\error.cpp(59,23):
      consider using '%llx' in the format string
      D:\_m2work\txoko-m2-work\txoko-client-src\source\EterBase\error.cpp(59,23):
      consider using '%I64x' in the format string
  
  FileLoader.cpp
  lzo.cpp
  MappedFile.cpp
  Base.cpp
  Poly.cpp
  Symbol.cpp
  SymTable.cpp
  Random.cpp
  Stl.cpp
  tea.cpp
  TempFile.cpp
  Timer.cpp
  Utils.cpp
  Generating Code...
  EterBase.vcxproj -> D:\_m2work\txoko-m2-work\txoko-client-src\vs_files\EterBase\Distribute\EterBase.lib
