  StdAfx.cpp
  EffectData.cpp
  EffectElementBase.cpp
  EffectElementBaseInstance.cpp
  EffectInstance.cpp
  EffectManager.cpp
  EffectMesh.cpp
  EffectMeshInstance.cpp
  EffectUpdateDecorator.cpp
  EmitterProperty.cpp
  FrameController.cpp
  ParticleInstance.cpp
  ParticleProperty.cpp
  ParticleSystemData.cpp
  ParticleSystemInstance.cpp
  SimpleLightData.cpp
  SimpleLightInstance.cpp
  Type.cpp
  Generating Code...
  EffectLib.vcxproj -> D:\_m2work\txoko-m2-work\txoko-client-src\vs_files\EffectLib\Distribute\EffectLib.lib
